0 verbose cli /home/screaminginc/.nvm/versions/node/v22.22.1/bin/node /home/screaminginc/.nvm/versions/node/v22.22.1/bin/npm
1 info using npm@10.9.4
2 info using node@v22.22.1
3 silly config load:file:/home/screaminginc/.nvm/versions/node/v22.22.1/lib/node_modules/npm/npmrc
4 silly config load:file:/home/screaminginc/.npmrc
5 silly config load:file:/home/screaminginc/.nvm/versions/node/v22.22.1/etc/npmrc
6 verbose title npm install axios
7 verbose argv "install" "axios"
8 verbose logfile logs-max:10 dir:/home/screaminginc/.npm/_logs/2026-03-26T09_58_40_458Z-
9 verbose logfile /home/screaminginc/.npm/_logs/2026-03-26T09_58_40_458Z-debug-0.log
10 silly logfile start cleaning logs, removing 1 files
11 silly packumentCache heap:2197815296 maxSize:549453824 maxEntrySize:274726912
12 silly logfile done cleaning log files
13 silly idealTree buildDeps
14 silly fetch manifest axios@*
15 silly packumentCache full:https://registry.npmjs.org/axios cache-miss
16 http fetch GET 200 https://registry.npmjs.org/axios 434ms (cache revalidated)
17 silly packumentCache full:https://registry.npmjs.org/axios set size:770295 disposed:false
18 silly placeDep ROOT axios@1.13.6 OK for: bot@1.0.0 want: *
19 silly fetch manifest follow-redirects@^1.15.11
20 silly packumentCache full:https://registry.npmjs.org/follow-redirects cache-miss
21 silly fetch manifest form-data@^4.0.5
22 silly packumentCache full:https://registry.npmjs.org/form-data cache-miss
23 silly fetch manifest proxy-from-env@^1.1.0
24 silly packumentCache full:https://registry.npmjs.org/proxy-from-env cache-miss
25 http fetch GET 200 https://registry.npmjs.org/form-data 63ms (cache revalidated)
26 silly packumentCache full:https://registry.npmjs.org/form-data set size:153646 disposed:false
27 http fetch GET 200 https://registry.npmjs.org/proxy-from-env 120ms (cache revalidated)
28 silly packumentCache full:https://registry.npmjs.org/proxy-from-env set size:21422 disposed:false
29 http fetch GET 200 https://registry.npmjs.org/follow-redirects 121ms (cache revalidated)
30 silly packumentCache full:https://registry.npmjs.org/follow-redirects set size:186700 disposed:false
31 silly placeDep ROOT follow-redirects@1.15.11 OK for: axios@1.13.6 want: ^1.15.11
32 silly placeDep ROOT form-data@4.0.5 OK for: axios@1.13.6 want: ^4.0.5
33 silly placeDep ROOT proxy-from-env@1.1.0 OK for: axios@1.13.6 want: ^1.1.0
34 silly reify moves {}
35 silly audit bulk request {
35 silly audit   '@types/tough-cookie': [ '4.0.5' ],
35 silly audit   ajv: [ '6.14.0', '8.18.0', '8.10.0' ],
35 silly audit   'ajv-formats': [ '2.1.1' ],
35 silly audit   'json-schema-traverse': [ '1.0.0', '0.4.1' ],
35 silly audit   'array-buffer-byte-length': [ '1.0.2' ],
35 silly audit   'array.prototype.findindex': [ '2.2.4' ],
35 silly audit   'arraybuffer.prototype.slice': [ '1.0.4' ],
35 silly audit   asn1: [ '0.2.6' ],
35 silly audit   'assert-plus': [ '1.0.0' ],
35 silly audit   'async-function': [ '1.0.0' ],
35 silly audit   asynckit: [ '0.4.0' ],
35 silly audit   'available-typed-arrays': [ '1.0.7' ],
35 silly audit   'aws-sign2': [ '0.7.0' ],
35 silly audit   aws4: [ '1.13.2' ],
35 silly audit   'bcrypt-pbkdf': [ '1.0.2' ],
35 silly audit   bl: [ '1.2.3' ],
35 silly audit   bluebird: [ '3.7.2' ],
35 silly audit   'call-bind': [ '1.0.8' ],
35 silly audit   'call-bind-apply-helpers': [ '1.0.2' ],
35 silly audit   'call-bound': [ '1.0.4' ],
35 silly audit   caseless: [ '0.12.0' ],
35 silly audit   'combined-stream': [ '1.0.8' ],
35 silly audit   'core-util-is': [ '1.0.3', '1.0.2' ],
35 silly audit   dashdash: [ '1.14.1' ],
35 silly audit   'data-view-buffer': [ '1.0.2' ],
35 silly audit   'data-view-byte-length': [ '1.0.2' ],
35 silly audit   'data-view-byte-offset': [ '1.0.1' ],
35 silly audit   debug: [ '3.2.7' ],
35 silly audit   'define-data-property': [ '1.1.4' ],
35 silly audit   'define-properties': [ '1.2.1' ],
35 silly audit   'delayed-stream': [ '1.0.0' ],
35 silly audit   dotenv: [ '16.6.1' ],
35 silly audit   'dunder-proto': [ '1.0.1' ],
35 silly audit   'ecc-jsbn': [ '0.1.2' ],
35 silly audit   'end-of-stream': [ '1.4.5' ],
35 silly audit   'es-abstract': [ '1.24.1' ],
35 silly audit   'es-define-property': [ '1.0.1' ],
35 silly audit   'es-errors': [ '1.3.0' ],
35 silly audit   'es-object-atoms': [ '1.1.1' ],
35 silly audit   'es-set-tostringtag': [ '2.1.0' ],
35 silly audit   'es-shim-unscopables': [ '1.1.0' ],
35 silly audit   'es-to-primitive': [ '1.3.0' ],
35 silly audit   eventemitter3: [ '3.1.2' ],
35 silly audit   extend: [ '3.0.2' ],
35 silly audit   extsprintf: [ '1.3.0' ],
35 silly audit   'fast-deep-equal': [ '3.1.3' ],
35 silly audit   'fast-json-stable-stringify': [ '2.1.0' ],
35 silly audit   'fast-uri': [ '3.1.0' ],
35 silly audit   'file-type': [ '3.9.0' ],
35 silly audit   'for-each': [ '0.3.5' ],
35 silly audit   'forever-agent': [ '0.6.1' ],
35 silly audit   'function-bind': [ '1.1.2' ],
35 silly audit   'function.prototype.name': [ '1.1.8' ],
35 silly audit   'functions-have-names': [ '1.2.3' ],
35 silly audit   'generator-function': [ '2.0.1' ],
35 silly audit   'get-intrinsic': [ '1.3.0' ],
35 silly audit   'get-proto': [ '1.0.1' ],
35 silly audit   'get-symbol-description': [ '1.1.0' ],
35 silly audit   getpass: [ '0.1.7' ],
35 silly audit   globalthis: [ '1.0.4' ],
35 silly audit   gopd: [ '1.2.0' ],
35 silly audit   'har-schema': [ '2.0.0' ],
35 silly audit   'har-validator': [ '5.1.5' ],
35 silly audit   'has-bigints': [ '1.1.0' ],
35 silly audit   'has-property-descriptors': [ '1.0.2' ],
35 silly audit   'has-proto': [ '1.2.0' ],
35 silly audit   'has-symbols': [ '1.1.0' ],
35 silly audit   'has-tostringtag': [ '1.0.2' ],
35 silly audit   hasown: [ '2.0.2' ],
35 silly audit   'http-signature': [ '1.2.0' ],
35 silly audit   inherits: [ '2.0.4' ],
35 silly audit   'internal-slot': [ '1.1.0' ],
35 silly audit   'is-array-buffer': [ '3.0.5' ],
35 silly audit   'is-async-function': [ '2.1.1' ],
35 silly audit   'is-bigint': [ '1.1.0' ],
35 silly audit   'is-boolean-object': [ '1.2.2' ],
35 silly audit   'is-callable': [ '1.2.7' ],
35 silly audit   'is-data-view': [ '1.0.2' ],
35 silly audit   'is-date-object': [ '1.1.0' ],
35 silly audit   'is-finalizationregistry': [ '1.1.1' ],
35 silly audit   'is-generator-function': [ '1.1.2' ],
35 silly audit   'is-map': [ '2.0.3' ],
35 silly audit   'is-negative-zero': [ '2.0.3' ],
35 silly audit   'is-number-object': [ '1.1.1' ],
35 silly audit   'is-regex': [ '1.2.1' ],
35 silly audit   'is-set': [ '2.0.3' ],
35 silly audit   'is-shared-array-buffer': [ '1.0.4' ],
35 silly audit   'is-string': [ '1.1.1' ],
35 silly audit   'is-symbol': [ '1.1.1' ],
35 silly audit   'is-typed-array': [ '1.1.15' ],
35 silly audit   'is-typedarray': [ '1.0.0' ],
35 silly audit   'is-weakmap': [ '2.0.2' ],
35 silly audit   'is-weakref': [ '1.1.1' ],
35 silly audit   'is-weakset': [ '2.0.4' ],
35 silly audit   isarray: [ '1.0.0', '2.0.5' ],
35 silly audit   isstream: [ '0.1.2' ],
35 silly audit   jsbn: [ '0.1.1' ],
35 silly audit   'json-schema': [ '0.4.0' ],
35 silly audit   'json-stringify-safe': [ '5.0.1' ],
35 silly audit   jsprim: [ '1.4.2' ],
35 silly audit   lodash: [ '4.17.23' ],
35 silly audit   'math-intrinsics': [ '1.1.0' ],
35 silly audit   mime: [ '1.6.0' ],
35 silly audit   'mime-db': [ '1.52.0' ],
35 silly audit   'mime-types': [ '2.1.35' ],
35 silly audit   ms: [ '2.1.3' ],
35 silly audit   'node-fetch': [ '2.7.0' ],
35 silly audit   'node-telegram-bot-api': [ '0.61.0' ],
35 silly audit   'oauth-sign': [ '0.9.0' ],
35 silly audit   'object-inspect': [ '1.13.4' ],
35 silly audit   'object-keys': [ '1.1.1' ],
35 silly audit   'object.assign': [ '4.1.7' ],
35 silly audit   once: [ '1.4.0' ],
35 silly audit   'own-keys': [ '1.0.1' ],
35 silly audit   'performance-now': [ '2.1.0' ],
35 silly audit   'possible-typed-array-names': [ '1.1.0' ],
35 silly audit   'process-nextick-args': [ '2.0.1' ],
35 silly audit   psl: [ '1.15.0' ],
35 silly audit   pump: [ '2.0.1' ],
35 silly audit   punycode: [ '2.3.1' ],
35 silly audit   qs: [ '6.5.5' ],
35 silly audit   querystringify: [ '2.2.0' ],
35 silly audit   'readable-stream': [ '2.3.8' ],
35 silly audit   'safe-buffer': [ '5.1.2', '5.2.1' ],
35 silly audit   'reflect.getprototypeof': [ '1.0.10' ],
35 silly audit   'regexp.prototype.flags': [ '1.5.4' ],
35 silly audit   request: [ '2.88.2' ],
35 silly audit   'request-promise': [ '4.2.6' ],
35 silly audit   'request-promise-core': [ '1.1.4' ],
35 silly audit   'form-data': [ '2.3.3', '4.0.5' ],
35 silly audit   'require-from-string': [ '2.0.2' ],
35 silly audit   'requires-port': [ '1.0.0' ],
35 silly audit   'safe-array-concat': [ '1.1.3' ],
35 silly audit   'safe-push-apply': [ '1.0.0' ],
35 silly audit   'safe-regex-test': [ '1.1.0' ],
35 silly audit   'safer-buffer': [ '2.1.2' ],
35 silly audit   'set-function-length': [ '1.2.2' ],
35 silly audit   'set-function-name': [ '2.0.2' ],
35 silly audit   'set-proto': [ '1.0.0' ],
35 silly audit   'side-channel': [ '1.1.0' ],
35 silly audit   'side-channel-list': [ '1.0.0' ],
35 silly audit   'side-channel-map': [ '1.0.1' ],
35 silly audit   'side-channel-weakmap': [ '1.0.2' ],
35 silly audit   sshpk: [ '1.18.0' ],
35 silly audit   'stealthy-require': [ '1.1.1' ],
35 silly audit   'stop-iteration-iterator': [ '1.1.0' ],
35 silly audit   string_decoder: [ '1.1.1' ],
35 silly audit   'string.prototype.trim': [ '1.2.10' ],
35 silly audit   'string.prototype.trimend': [ '1.0.9' ],
35 silly audit   'string.prototype.trimstart': [ '1.0.8' ],
35 silly audit   'tough-cookie': [ '2.5.0', '4.1.4' ],
35 silly audit   'tough-cookie-file-store': [ '2.0.3' ],
35 silly audit   tr46: [ '0.0.3' ],
35 silly audit   'tunnel-agent': [ '0.6.0' ],
35 silly audit   tweetnacl: [ '0.14.5' ],
35 silly audit   'typed-array-buffer': [ '1.0.3' ],
35 silly audit   'typed-array-byte-length': [ '1.0.3' ],
35 silly audit   'typed-array-byte-offset': [ '1.0.4' ],
35 silly audit   'typed-array-length': [ '1.0.7' ],
35 silly audit   'unbox-primitive': [ '1.1.0' ],
35 silly audit   universalify: [ '0.2.0' ],
35 silly audit   'uri-js': [ '4.4.1' ],
35 silly audit   'url-parse': [ '1.5.10' ],
35 silly audit   'util-deprecate': [ '1.0.2' ],
35 silly audit   uuid: [ '3.4.0' ],
35 silly audit   verror: [ '1.10.0' ],
35 silly audit   'webidl-conversions': [ '3.0.1' ],
35 silly audit   'whatwg-url': [ '5.0.0' ],
35 silly audit   'which-boxed-primitive': [ '1.1.1' ],
35 silly audit   'which-builtin-type': [ '1.2.1' ],
35 silly audit   'which-collection': [ '1.0.2' ],
35 silly audit   'which-typed-array': [ '1.1.20' ],
35 silly audit   wrappy: [ '1.0.2' ],
35 silly audit   'yahoo-finance2': [ '2.9.1' ],
35 silly audit   axios: [ '1.13.6' ],
35 silly audit   'follow-redirects': [ '1.15.11' ],
35 silly audit   'proxy-from-env': [ '1.1.0' ]
35 silly audit }
36 http cache proxy-from-env@https://registry.npmjs.org/proxy-from-env/-/proxy-from-env-1.1.0.tgz 0ms (cache hit)
37 http cache follow-redirects@https://registry.npmjs.org/follow-redirects/-/follow-redirects-1.15.11.tgz 0ms (cache hit)
38 http cache axios@https://registry.npmjs.org/axios/-/axios-1.13.6.tgz 0ms (cache hit)
39 http cache form-data@https://registry.npmjs.org/form-data/-/form-data-4.0.5.tgz 0ms (cache hit)
40 http fetch POST 200 https://registry.npmjs.org/-/npm/v1/security/advisories/bulk 282ms
41 silly audit report {
41 silly audit report   ajv: [
41 silly audit report     {
41 silly audit report       id: 1113715,
41 silly audit report       url: 'https://github.com/advisories/GHSA-2g4f-4pwh-qvx6',
41 silly audit report       title: 'ajv has ReDoS when using `$data` option',
41 silly audit report       severity: 'moderate',
41 silly audit report       vulnerable_versions: '>=7.0.0-alpha.0 <8.18.0',
41 silly audit report       cwe: [Array],
41 silly audit report       cvss: [Object]
41 silly audit report     }
41 silly audit report   ],
41 silly audit report   qs: [
41 silly audit report     {
41 silly audit report       id: 1113719,
41 silly audit report       url: 'https://github.com/advisories/GHSA-6rw7-vpxm-498p',
41 silly audit report       title: "qs's arrayLimit bypass in its bracket notation allows DoS via memory exhaustion",
41 silly audit report       severity: 'moderate',
41 silly audit report       vulnerable_versions: '<6.14.1',
41 silly audit report       cwe: [Array],
41 silly audit report       cvss: [Object]
41 silly audit report     }
41 silly audit report   ],
41 silly audit report   request: [
41 silly audit report     {
41 silly audit report       id: 1096727,
41 silly audit report       url: 'https://github.com/advisories/GHSA-p8p7-x288-28g6',
41 silly audit report       title: 'Server-Side Request Forgery in Request',
41 silly audit report       severity: 'moderate',
41 silly audit report       vulnerable_versions: '<=2.88.2',
41 silly audit report       cwe: [Array],
41 silly audit report       cvss: [Object]
41 silly audit report     }
41 silly audit report   ],
41 silly audit report   'form-data': [
41 silly audit report     {
41 silly audit report       id: 1109540,
41 silly audit report       url: 'https://github.com/advisories/GHSA-fjxv-7rqg-78g4',
41 silly audit report       title: 'form-data uses unsafe random function in form-data for choosing boundary',
41 silly audit report       severity: 'critical',
41 silly audit report       vulnerable_versions: '<2.5.4',
41 silly audit report       cwe: [Array],
41 silly audit report       cvss: [Object]
41 silly audit report     }
41 silly audit report   ],
41 silly audit report   'tough-cookie': [
41 silly audit report     {
41 silly audit report       id: 1097682,
41 silly audit report       url: 'https://github.com/advisories/GHSA-72xf-g2v4-qvf3',
41 silly audit report       title: 'tough-cookie Prototype Pollution vulnerability',
41 silly audit report       severity: 'moderate',
41 silly audit report       vulnerable_versions: '<4.1.3',
41 silly audit report       cwe: [Array],
41 silly audit report       cvss: [Object]
41 silly audit report     }
41 silly audit report   ]
41 silly audit report }
42 silly packumentCache corgi:https://registry.npmjs.org/ajv cache-miss
43 silly packumentCache corgi:https://registry.npmjs.org/qs cache-miss
44 silly packumentCache corgi:https://registry.npmjs.org/request cache-miss
45 silly packumentCache corgi:https://registry.npmjs.org/form-data cache-miss
46 silly packumentCache corgi:https://registry.npmjs.org/tough-cookie cache-miss
47 http fetch GET 200 https://registry.npmjs.org/ajv 69ms (cache revalidated)
48 silly packumentCache corgi:https://registry.npmjs.org/ajv set size:464537 disposed:false
49 http fetch GET 200 https://registry.npmjs.org/request 72ms (cache revalidated)
50 silly packumentCache corgi:https://registry.npmjs.org/request set size:129997 disposed:false
51 http fetch GET 200 https://registry.npmjs.org/form-data 85ms (cache revalidated)
52 silly packumentCache corgi:https://registry.npmjs.org/form-data set size:51426 disposed:false
53 http fetch GET 200 https://registry.npmjs.org/tough-cookie 218ms (cache revalidated)
54 silly packumentCache corgi:https://registry.npmjs.org/tough-cookie set size:56308 disposed:false
55 http fetch GET 200 https://registry.npmjs.org/qs 220ms (cache revalidated)
56 silly packumentCache corgi:https://registry.npmjs.org/qs set size:143799 disposed:false
57 silly packumentCache corgi:https://registry.npmjs.org/yahoo-finance2 cache-miss
58 http fetch GET 200 https://registry.npmjs.org/yahoo-finance2 878ms (cache updated)
59 silly packumentCache corgi:https://registry.npmjs.org/yahoo-finance2 set size:undefined disposed:false
60 silly packumentCache corgi:https://registry.npmjs.org/node-telegram-bot-api cache-miss
61 silly packumentCache corgi:https://registry.npmjs.org/request-promise cache-miss
62 silly packumentCache corgi:https://registry.npmjs.org/request-promise-core cache-miss
63 http fetch GET 200 https://registry.npmjs.org/request-promise 45ms (cache revalidated)
64 silly packumentCache corgi:https://registry.npmjs.org/request-promise set size:45088 disposed:false
65 http fetch GET 200 https://registry.npmjs.org/request-promise-core 48ms (cache revalidated)
66 silly packumentCache corgi:https://registry.npmjs.org/request-promise-core set size:6997 disposed:false
67 http fetch GET 200 https://registry.npmjs.org/node-telegram-bot-api 406ms (cache revalidated)
68 silly packumentCache corgi:https://registry.npmjs.org/node-telegram-bot-api set size:90673 disposed:false
69 silly ADD node_modules/proxy-from-env
70 silly ADD node_modules/form-data
71 silly ADD node_modules/follow-redirects
72 silly ADD node_modules/axios
73 verbose cwd /home/screaminginc
74 verbose os Linux 6.6.87.2-microsoft-standard-WSL2
75 verbose node v22.22.1
76 verbose npm  v10.9.4
77 verbose exit 0
78 info ok
