0 verbose cli /home/screaminginc/.nvm/versions/node/v22.22.1/bin/node /home/screaminginc/.nvm/versions/node/v22.22.1/lib/node_modules/npm/bin/npm-cli.js
1 info using npm@10.9.4
2 info using node@v22.22.1
3 silly config load:file:/home/screaminginc/.nvm/versions/node/v22.22.1/lib/node_modules/npm/npmrc
4 silly config load:file:/home/screaminginc/.npmrc
5 silly config load:file:/home/screaminginc/.nvm/versions/node/v22.22.1/etc/npmrc
6 verbose title npm exec openclaw
7 verbose argv "exec" "--" "openclaw"
8 verbose logfile logs-max:10 dir:/home/screaminginc/.npm/_logs/2026-03-23T15_56_48_829Z-
9 verbose logfile /home/screaminginc/.npm/_logs/2026-03-23T15_56_48_829Z-debug-0.log
10 silly logfile done cleaning log files
11 silly packumentCache heap:2197815296 maxSize:549453824 maxEntrySize:274726912
12 http fetch GET 200 https://registry.npmjs.org/openclaw 1624ms (cache revalidated)
13 silly packumentCache heap:2197815296 maxSize:549453824 maxEntrySize:274726912
14 silly packumentCache heap:2197815296 maxSize:549453824 maxEntrySize:274726912
15 verbose cwd /home/screaminginc
16 verbose os Linux 6.6.87.2-microsoft-standard-WSL2
17 verbose node v22.22.1
18 verbose npm  v10.9.4
19 verbose exit 1
20 verbose code 1
