0 verbose cli /home/screaminginc/.nvm/versions/node/v22.22.1/bin/node /home/screaminginc/.nvm/versions/node/v22.22.1/bin/npm
1 info using npm@10.9.4
2 info using node@v22.22.1
3 silly config load:file:/home/screaminginc/.nvm/versions/node/v22.22.1/lib/node_modules/npm/npmrc
4 silly config load:file:/home/screaminginc/.npmrc
5 silly config load:file:/home/screaminginc/.nvm/versions/node/v22.22.1/etc/npmrc
6 verbose title npm install telegraf axios
7 verbose argv "install" "telegraf" "axios"
8 verbose logfile logs-max:10 dir:/home/screaminginc/.npm/_logs/2026-03-24T07_46_44_708Z-
9 verbose logfile /home/screaminginc/.npm/_logs/2026-03-24T07_46_44_708Z-debug-0.log
10 silly logfile done cleaning log files
11 silly packumentCache heap:2197815296 maxSize:549453824 maxEntrySize:274726912
12 silly idealTree buildDeps
13 silly fetch manifest telegraf@*
14 silly packumentCache full:https://registry.npmjs.org/telegraf cache-miss
15 http fetch GET 200 https://registry.npmjs.org/telegraf 1111ms (cache revalidated)
16 silly packumentCache full:https://registry.npmjs.org/telegraf set size:1005524 disposed:false
17 silly fetch manifest axios@*
18 silly packumentCache full:https://registry.npmjs.org/axios cache-miss
19 http fetch GET 200 https://registry.npmjs.org/axios 190ms (cache revalidated)
20 silly packumentCache full:https://registry.npmjs.org/axios set size:770295 disposed:false
21 silly placeDep ROOT axios@1.13.6 OK for:  want: *
22 silly placeDep ROOT telegraf@4.16.3 OK for:  want: *
23 silly fetch manifest follow-redirects@^1.15.11
24 silly packumentCache full:https://registry.npmjs.org/follow-redirects cache-miss
25 silly fetch manifest form-data@^4.0.5
26 silly packumentCache full:https://registry.npmjs.org/form-data cache-miss
27 silly fetch manifest proxy-from-env@^1.1.0
28 silly packumentCache full:https://registry.npmjs.org/proxy-from-env cache-miss
29 silly fetch manifest mri@^1.2.0
30 silly packumentCache full:https://registry.npmjs.org/mri cache-miss
31 silly fetch manifest debug@^4.3.4
32 silly packumentCache full:https://registry.npmjs.org/debug cache-miss
33 silly fetch manifest p-timeout@^4.1.0
34 silly packumentCache full:https://registry.npmjs.org/p-timeout cache-miss
35 silly fetch manifest node-fetch@^2.7.0
36 silly packumentCache full:https://registry.npmjs.org/node-fetch cache-miss
37 silly fetch manifest safe-compare@^1.1.4
38 silly packumentCache full:https://registry.npmjs.org/safe-compare cache-miss
39 silly fetch manifest @telegraf/types@^7.1.0
40 silly packumentCache full:https://registry.npmjs.org/@telegraf%2ftypes cache-miss
41 silly fetch manifest sandwich-stream@^2.0.2
42 silly packumentCache full:https://registry.npmjs.org/sandwich-stream cache-miss
43 silly fetch manifest abort-controller@^3.0.0
44 silly packumentCache full:https://registry.npmjs.org/abort-controller cache-miss
45 http fetch GET 200 https://registry.npmjs.org/form-data 213ms (cache revalidated)
46 silly packumentCache full:https://registry.npmjs.org/form-data set size:153646 disposed:false
47 http fetch GET 200 https://registry.npmjs.org/sandwich-stream 611ms (cache revalidated)
48 silly packumentCache full:https://registry.npmjs.org/sandwich-stream set size:21546 disposed:false
49 http fetch GET 200 https://registry.npmjs.org/safe-compare 614ms (cache revalidated)
50 silly packumentCache full:https://registry.npmjs.org/safe-compare set size:22988 disposed:false
51 http fetch GET 200 https://registry.npmjs.org/debug 617ms (cache revalidated)
52 silly packumentCache full:https://registry.npmjs.org/debug set size:195840 disposed:false
53 http fetch GET 200 https://registry.npmjs.org/mri 622ms (cache revalidated)
54 silly packumentCache full:https://registry.npmjs.org/mri set size:28195 disposed:false
55 http fetch GET 200 https://registry.npmjs.org/abort-controller 620ms (cache revalidated)
56 silly packumentCache full:https://registry.npmjs.org/abort-controller set size:47272 disposed:false
57 http fetch GET 200 https://registry.npmjs.org/follow-redirects 626ms (cache revalidated)
58 silly packumentCache full:https://registry.npmjs.org/follow-redirects set size:186700 disposed:false
59 http fetch GET 200 https://registry.npmjs.org/node-fetch 628ms (cache revalidated)
60 silly packumentCache full:https://registry.npmjs.org/node-fetch set size:896010 disposed:false
61 http fetch GET 200 https://registry.npmjs.org/@telegraf%2ftypes 637ms (cache revalidated)
62 silly packumentCache full:https://registry.npmjs.org/@telegraf%2ftypes set size:29784 disposed:false
63 http fetch GET 200 https://registry.npmjs.org/proxy-from-env 852ms (cache revalidated)
64 silly packumentCache full:https://registry.npmjs.org/proxy-from-env set size:21422 disposed:false
65 http fetch GET 200 https://registry.npmjs.org/p-timeout 852ms (cache revalidated)
66 silly packumentCache full:https://registry.npmjs.org/p-timeout set size:60739 disposed:false
67 silly placeDep ROOT follow-redirects@1.15.11 OK for: axios@1.13.6 want: ^1.15.11
68 silly placeDep ROOT form-data@4.0.5 OK for: axios@1.13.6 want: ^4.0.5
69 silly placeDep ROOT proxy-from-env@1.1.0 OK for: axios@1.13.6 want: ^1.1.0
70 silly fetch manifest asynckit@^0.4.0
71 silly packumentCache full:https://registry.npmjs.org/asynckit cache-miss
72 silly fetch manifest combined-stream@^1.0.8
73 silly packumentCache full:https://registry.npmjs.org/combined-stream cache-miss
74 silly fetch manifest es-set-tostringtag@^2.1.0
75 silly packumentCache full:https://registry.npmjs.org/es-set-tostringtag cache-miss
76 silly fetch manifest hasown@^2.0.2
77 silly packumentCache full:https://registry.npmjs.org/hasown cache-miss
78 silly fetch manifest mime-types@^2.1.12
79 silly packumentCache full:https://registry.npmjs.org/mime-types cache-miss
80 http fetch GET 200 https://registry.npmjs.org/asynckit 96ms (cache revalidated)
81 silly packumentCache full:https://registry.npmjs.org/asynckit set size:18932 disposed:false
82 http fetch GET 200 https://registry.npmjs.org/hasown 98ms (cache revalidated)
83 silly packumentCache full:https://registry.npmjs.org/hasown set size:12476 disposed:false
84 http fetch GET 200 https://registry.npmjs.org/combined-stream 102ms (cache revalidated)
85 silly packumentCache full:https://registry.npmjs.org/combined-stream set size:40337 disposed:false
86 http fetch GET 200 https://registry.npmjs.org/es-set-tostringtag 106ms (cache revalidated)
87 silly packumentCache full:https://registry.npmjs.org/es-set-tostringtag set size:22094 disposed:false
88 http fetch GET 200 https://registry.npmjs.org/mime-types 107ms (cache revalidated)
89 silly packumentCache full:https://registry.npmjs.org/mime-types set size:139110 disposed:false
90 silly placeDep ROOT asynckit@0.4.0 OK for: form-data@4.0.5 want: ^0.4.0
91 silly placeDep ROOT combined-stream@1.0.8 OK for: form-data@4.0.5 want: ^1.0.8
92 silly placeDep ROOT es-set-tostringtag@2.1.0 OK for: form-data@4.0.5 want: ^2.1.0
93 silly placeDep ROOT hasown@2.0.2 OK for: form-data@4.0.5 want: ^2.0.2
94 silly placeDep ROOT mime-types@2.1.35 OK for: form-data@4.0.5 want: ^2.1.12
95 silly fetch manifest delayed-stream@~1.0.0
96 silly packumentCache full:https://registry.npmjs.org/delayed-stream cache-miss
97 silly fetch manifest es-errors@^1.3.0
98 silly packumentCache full:https://registry.npmjs.org/es-errors cache-miss
99 silly fetch manifest get-intrinsic@^1.2.6
100 silly packumentCache full:https://registry.npmjs.org/get-intrinsic cache-miss
101 silly fetch manifest has-tostringtag@^1.0.2
102 silly packumentCache full:https://registry.npmjs.org/has-tostringtag cache-miss
103 silly fetch manifest function-bind@^1.1.2
104 silly packumentCache full:https://registry.npmjs.org/function-bind cache-miss
105 silly fetch manifest mime-db@1.52.0
106 silly packumentCache full:https://registry.npmjs.org/mime-db cache-miss
107 http fetch GET 200 https://registry.npmjs.org/es-errors 205ms (cache revalidated)
108 silly packumentCache full:https://registry.npmjs.org/es-errors set size:16918 disposed:false
109 http fetch GET 200 https://registry.npmjs.org/mime-db 204ms (cache revalidated)
110 silly packumentCache full:https://registry.npmjs.org/mime-db set size:164953 disposed:false
111 http fetch GET 200 https://registry.npmjs.org/function-bind 207ms (cache revalidated)
112 silly packumentCache full:https://registry.npmjs.org/function-bind set size:15733 disposed:false
113 http fetch GET 200 https://registry.npmjs.org/delayed-stream 210ms (cache revalidated)
114 silly packumentCache full:https://registry.npmjs.org/delayed-stream set size:15820 disposed:false
115 http fetch GET 200 https://registry.npmjs.org/get-intrinsic 210ms (cache revalidated)
116 silly packumentCache full:https://registry.npmjs.org/get-intrinsic set size:60985 disposed:false
117 http fetch GET 200 https://registry.npmjs.org/has-tostringtag 211ms (cache revalidated)
118 silly packumentCache full:https://registry.npmjs.org/has-tostringtag set size:13945 disposed:false
119 silly placeDep ROOT delayed-stream@1.0.0 OK for: combined-stream@1.0.8 want: ~1.0.0
120 silly placeDep ROOT es-errors@1.3.0 OK for: es-set-tostringtag@2.1.0 want: ^1.3.0
121 silly placeDep ROOT get-intrinsic@1.3.0 OK for: es-set-tostringtag@2.1.0 want: ^1.2.6
122 silly placeDep ROOT has-tostringtag@1.0.2 OK for: es-set-tostringtag@2.1.0 want: ^1.0.2
123 silly fetch manifest gopd@^1.2.0
124 silly packumentCache full:https://registry.npmjs.org/gopd cache-miss
125 silly fetch manifest get-proto@^1.0.1
126 silly packumentCache full:https://registry.npmjs.org/get-proto cache-miss
127 silly fetch manifest has-symbols@^1.1.0
128 silly packumentCache full:https://registry.npmjs.org/has-symbols cache-miss
129 silly fetch manifest es-object-atoms@^1.1.1
130 silly packumentCache full:https://registry.npmjs.org/es-object-atoms cache-miss
131 silly fetch manifest math-intrinsics@^1.1.0
132 silly packumentCache full:https://registry.npmjs.org/math-intrinsics cache-miss
133 silly fetch manifest es-define-property@^1.0.1
134 silly packumentCache full:https://registry.npmjs.org/es-define-property cache-miss
135 silly fetch manifest call-bind-apply-helpers@^1.0.2
136 silly packumentCache full:https://registry.npmjs.org/call-bind-apply-helpers cache-miss
137 silly fetch manifest has-symbols@^1.0.3
138 silly packumentCache full:https://registry.npmjs.org/has-symbols cache-miss
139 http fetch GET 200 https://registry.npmjs.org/has-symbols 204ms (cache revalidated)
140 silly packumentCache full:https://registry.npmjs.org/has-symbols set size:21550 disposed:false
141 http fetch GET 200 https://registry.npmjs.org/has-symbols 206ms (cache revalidated)
142 silly packumentCache full:https://registry.npmjs.org/has-symbols set size:21550 disposed:false
143 silly packumentCache full:https://registry.npmjs.org/has-symbols dispose
144 http fetch GET 200 https://registry.npmjs.org/es-object-atoms 207ms (cache revalidated)
145 silly packumentCache full:https://registry.npmjs.org/es-object-atoms set size:15304 disposed:false
146 http fetch GET 200 https://registry.npmjs.org/es-define-property 207ms (cache revalidated)
147 silly packumentCache full:https://registry.npmjs.org/es-define-property set size:8542 disposed:false
148 http fetch GET 200 https://registry.npmjs.org/get-proto 209ms (cache revalidated)
149 silly packumentCache full:https://registry.npmjs.org/get-proto set size:8300 disposed:false
150 http fetch GET 200 https://registry.npmjs.org/gopd 211ms (cache revalidated)
151 silly packumentCache full:https://registry.npmjs.org/gopd set size:11458 disposed:false
152 http fetch GET 200 https://registry.npmjs.org/call-bind-apply-helpers 209ms (cache revalidated)
153 silly packumentCache full:https://registry.npmjs.org/call-bind-apply-helpers set size:12744 disposed:false
154 http fetch GET 200 https://registry.npmjs.org/math-intrinsics 211ms (cache revalidated)
155 silly packumentCache full:https://registry.npmjs.org/math-intrinsics set size:9265 disposed:false
156 silly placeDep ROOT call-bind-apply-helpers@1.0.2 OK for: get-intrinsic@1.3.0 want: ^1.0.2
157 silly placeDep ROOT es-define-property@1.0.1 OK for: get-intrinsic@1.3.0 want: ^1.0.1
158 silly placeDep ROOT es-object-atoms@1.1.1 OK for: get-intrinsic@1.3.0 want: ^1.1.1
159 silly placeDep ROOT function-bind@1.1.2 OK for: get-intrinsic@1.3.0 want: ^1.1.2
160 silly placeDep ROOT get-proto@1.0.1 OK for: get-intrinsic@1.3.0 want: ^1.0.1
161 silly placeDep ROOT gopd@1.2.0 OK for: get-intrinsic@1.3.0 want: ^1.2.0
162 silly placeDep ROOT has-symbols@1.1.0 OK for: get-intrinsic@1.3.0 want: ^1.1.0
163 silly placeDep ROOT math-intrinsics@1.1.0 OK for: get-intrinsic@1.3.0 want: ^1.1.0
164 silly fetch manifest dunder-proto@^1.0.1
165 silly packumentCache full:https://registry.npmjs.org/dunder-proto cache-miss
166 http fetch GET 200 https://registry.npmjs.org/dunder-proto 191ms (cache revalidated)
167 silly packumentCache full:https://registry.npmjs.org/dunder-proto set size:8256 disposed:false
168 silly placeDep ROOT dunder-proto@1.0.1 OK for: get-proto@1.0.1 want: ^1.0.1
169 silly placeDep ROOT mime-db@1.52.0 OK for: mime-types@2.1.35 want: 1.52.0
170 silly fetch manifest encoding@^0.1.0
171 silly packumentCache full:https://registry.npmjs.org/encoding cache-miss
172 http fetch GET 200 https://registry.npmjs.org/encoding 208ms (cache revalidated)
173 silly packumentCache full:https://registry.npmjs.org/encoding set size:17833 disposed:false
174 silly placeDep ROOT @telegraf/types@7.1.0 OK for: telegraf@4.16.3 want: ^7.1.0
175 silly placeDep ROOT abort-controller@3.0.0 OK for: telegraf@4.16.3 want: ^3.0.0
176 silly placeDep ROOT debug@4.4.3 OK for: telegraf@4.16.3 want: ^4.3.4
177 silly placeDep ROOT mri@1.2.0 OK for: telegraf@4.16.3 want: ^1.2.0
178 silly placeDep ROOT node-fetch@2.7.0 OK for: telegraf@4.16.3 want: ^2.7.0
179 silly placeDep ROOT p-timeout@4.1.0 OK for: telegraf@4.16.3 want: ^4.1.0
180 silly placeDep ROOT safe-compare@1.1.4 OK for: telegraf@4.16.3 want: ^1.1.4
181 silly placeDep ROOT sandwich-stream@2.0.2 OK for: telegraf@4.16.3 want: ^2.0.2
182 silly fetch manifest event-target-shim@^5.0.0
183 silly packumentCache full:https://registry.npmjs.org/event-target-shim cache-miss
184 silly fetch manifest ms@^2.1.3
185 silly packumentCache full:https://registry.npmjs.org/ms cache-miss
186 silly fetch manifest whatwg-url@^5.0.0
187 silly packumentCache full:https://registry.npmjs.org/whatwg-url cache-miss
188 silly fetch manifest buffer-alloc@^1.2.0
189 silly packumentCache full:https://registry.npmjs.org/buffer-alloc cache-miss
190 http fetch GET 200 https://registry.npmjs.org/event-target-shim 211ms (cache revalidated)
191 silly packumentCache full:https://registry.npmjs.org/event-target-shim set size:103601 disposed:false
192 http fetch GET 200 https://registry.npmjs.org/buffer-alloc 212ms (cache revalidated)
193 silly packumentCache full:https://registry.npmjs.org/buffer-alloc set size:10317 disposed:false
194 http fetch GET 200 https://registry.npmjs.org/ms 214ms (cache revalidated)
195 silly packumentCache full:https://registry.npmjs.org/ms set size:92208 disposed:false
196 http fetch GET 200 https://registry.npmjs.org/whatwg-url 215ms (cache revalidated)
197 silly packumentCache full:https://registry.npmjs.org/whatwg-url set size:170765 disposed:false
198 silly placeDep ROOT event-target-shim@5.0.1 OK for: abort-controller@3.0.0 want: ^5.0.0
199 silly placeDep ROOT ms@2.1.3 OK for: debug@4.4.3 want: ^2.1.3
200 silly placeDep ROOT whatwg-url@5.0.0 OK for: node-fetch@2.7.0 want: ^5.0.0
201 silly fetch manifest tr46@~0.0.3
202 silly packumentCache full:https://registry.npmjs.org/tr46 cache-miss
203 silly fetch manifest webidl-conversions@^3.0.0
204 silly packumentCache full:https://registry.npmjs.org/webidl-conversions cache-miss
205 http fetch GET 200 https://registry.npmjs.org/webidl-conversions 201ms (cache revalidated)
206 silly packumentCache full:https://registry.npmjs.org/webidl-conversions set size:46073 disposed:false
207 http fetch GET 200 https://registry.npmjs.org/tr46 203ms (cache revalidated)
208 silly packumentCache full:https://registry.npmjs.org/tr46 set size:47377 disposed:false
209 silly placeDep ROOT buffer-alloc@1.2.0 OK for: safe-compare@1.1.4 want: ^1.2.0
210 silly fetch manifest buffer-alloc-unsafe@^1.1.0
211 silly packumentCache full:https://registry.npmjs.org/buffer-alloc-unsafe cache-miss
212 silly fetch manifest buffer-fill@^1.0.0
213 silly packumentCache full:https://registry.npmjs.org/buffer-fill cache-miss
214 http fetch GET 200 https://registry.npmjs.org/buffer-fill 158ms (cache revalidated)
215 silly packumentCache full:https://registry.npmjs.org/buffer-fill set size:7420 disposed:false
216 http fetch GET 200 https://registry.npmjs.org/buffer-alloc-unsafe 161ms (cache revalidated)
217 silly packumentCache full:https://registry.npmjs.org/buffer-alloc-unsafe set size:9005 disposed:false
218 silly placeDep ROOT buffer-alloc-unsafe@1.1.0 OK for: buffer-alloc@1.2.0 want: ^1.1.0
219 silly placeDep ROOT buffer-fill@1.0.0 OK for: buffer-alloc@1.2.0 want: ^1.0.0
220 silly placeDep ROOT tr46@0.0.3 OK for: whatwg-url@5.0.0 want: ~0.0.3
221 silly placeDep ROOT webidl-conversions@3.0.1 OK for: whatwg-url@5.0.0 want: ^3.0.0
222 silly reify moves {}
223 http cache tr46@https://registry.npmjs.org/tr46/-/tr46-0.0.3.tgz 0ms (cache hit)
224 http cache buffer-fill@https://registry.npmjs.org/buffer-fill/-/buffer-fill-1.0.0.tgz 0ms (cache hit)
225 http cache buffer-alloc-unsafe@https://registry.npmjs.org/buffer-alloc-unsafe/-/buffer-alloc-unsafe-1.1.0.tgz 0ms (cache hit)
226 http cache webidl-conversions@https://registry.npmjs.org/webidl-conversions/-/webidl-conversions-3.0.1.tgz 0ms (cache hit)
227 http cache buffer-alloc@https://registry.npmjs.org/buffer-alloc/-/buffer-alloc-1.2.0.tgz 0ms (cache hit)
228 http cache event-target-shim@https://registry.npmjs.org/event-target-shim/-/event-target-shim-5.0.1.tgz 0ms (cache hit)
229 http cache ms@https://registry.npmjs.org/ms/-/ms-2.1.3.tgz 0ms (cache hit)
230 http cache safe-compare@https://registry.npmjs.org/safe-compare/-/safe-compare-1.1.4.tgz 0ms (cache hit)
231 http cache p-timeout@https://registry.npmjs.org/p-timeout/-/p-timeout-4.1.0.tgz 0ms (cache hit)
232 http cache sandwich-stream@https://registry.npmjs.org/sandwich-stream/-/sandwich-stream-2.0.2.tgz 0ms (cache hit)
233 http cache node-fetch@https://registry.npmjs.org/node-fetch/-/node-fetch-2.7.0.tgz 0ms (cache hit)
234 http cache mri@https://registry.npmjs.org/mri/-/mri-1.2.0.tgz 0ms (cache hit)
235 http cache debug@https://registry.npmjs.org/debug/-/debug-4.4.3.tgz 0ms (cache hit)
236 http cache @telegraf/types@https://registry.npmjs.org/@telegraf/types/-/types-7.1.0.tgz 0ms (cache hit)
237 http cache abort-controller@https://registry.npmjs.org/abort-controller/-/abort-controller-3.0.0.tgz 0ms (cache hit)
238 http cache mime-db@https://registry.npmjs.org/mime-db/-/mime-db-1.52.0.tgz 0ms (cache hit)
239 http cache whatwg-url@https://registry.npmjs.org/whatwg-url/-/whatwg-url-5.0.0.tgz 0ms (cache hit)
240 http cache dunder-proto@https://registry.npmjs.org/dunder-proto/-/dunder-proto-1.0.1.tgz 0ms (cache hit)
241 http cache math-intrinsics@https://registry.npmjs.org/math-intrinsics/-/math-intrinsics-1.1.0.tgz 0ms (cache hit)
242 http cache has-symbols@https://registry.npmjs.org/has-symbols/-/has-symbols-1.1.0.tgz 0ms (cache hit)
243 http cache get-proto@https://registry.npmjs.org/get-proto/-/get-proto-1.0.1.tgz 0ms (cache hit)
244 http cache gopd@https://registry.npmjs.org/gopd/-/gopd-1.2.0.tgz 0ms (cache hit)
245 http cache function-bind@https://registry.npmjs.org/function-bind/-/function-bind-1.1.2.tgz 0ms (cache hit)
246 http cache es-object-atoms@https://registry.npmjs.org/es-object-atoms/-/es-object-atoms-1.1.1.tgz 0ms (cache hit)
247 http cache es-define-property@https://registry.npmjs.org/es-define-property/-/es-define-property-1.0.1.tgz 0ms (cache hit)
248 http cache call-bind-apply-helpers@https://registry.npmjs.org/call-bind-apply-helpers/-/call-bind-apply-helpers-1.0.2.tgz 0ms (cache hit)
249 http cache has-tostringtag@https://registry.npmjs.org/has-tostringtag/-/has-tostringtag-1.0.2.tgz 0ms (cache hit)
250 http cache get-intrinsic@https://registry.npmjs.org/get-intrinsic/-/get-intrinsic-1.3.0.tgz 0ms (cache hit)
251 http cache es-errors@https://registry.npmjs.org/es-errors/-/es-errors-1.3.0.tgz 0ms (cache hit)
252 http cache delayed-stream@https://registry.npmjs.org/delayed-stream/-/delayed-stream-1.0.0.tgz 0ms (cache hit)
253 http cache mime-types@https://registry.npmjs.org/mime-types/-/mime-types-2.1.35.tgz 0ms (cache hit)
254 http cache hasown@https://registry.npmjs.org/hasown/-/hasown-2.0.2.tgz 0ms (cache hit)
255 http cache es-set-tostringtag@https://registry.npmjs.org/es-set-tostringtag/-/es-set-tostringtag-2.1.0.tgz 0ms (cache hit)
256 http cache proxy-from-env@https://registry.npmjs.org/proxy-from-env/-/proxy-from-env-1.1.0.tgz 0ms (cache hit)
257 http cache combined-stream@https://registry.npmjs.org/combined-stream/-/combined-stream-1.0.8.tgz 0ms (cache hit)
258 http cache asynckit@https://registry.npmjs.org/asynckit/-/asynckit-0.4.0.tgz 0ms (cache hit)
259 http cache form-data@https://registry.npmjs.org/form-data/-/form-data-4.0.5.tgz 0ms (cache hit)
260 http cache follow-redirects@https://registry.npmjs.org/follow-redirects/-/follow-redirects-1.15.11.tgz 0ms (cache hit)
261 http cache telegraf@https://registry.npmjs.org/telegraf/-/telegraf-4.16.3.tgz 0ms (cache hit)
262 http cache axios@https://registry.npmjs.org/axios/-/axios-1.13.6.tgz 0ms (cache hit)
263 silly ADD node_modules/webidl-conversions
264 silly ADD node_modules/tr46
265 silly ADD node_modules/buffer-fill
266 silly ADD node_modules/buffer-alloc-unsafe
267 silly ADD node_modules/buffer-alloc
268 silly ADD node_modules/whatwg-url
269 silly ADD node_modules/ms
270 silly ADD node_modules/event-target-shim
271 silly ADD node_modules/sandwich-stream
272 silly ADD node_modules/safe-compare
273 silly ADD node_modules/p-timeout
274 silly ADD node_modules/node-fetch
275 silly ADD node_modules/mri
276 silly ADD node_modules/debug
277 silly ADD node_modules/abort-controller
278 silly ADD node_modules/@telegraf/types
279 silly ADD node_modules/mime-db
280 silly ADD node_modules/dunder-proto
281 silly ADD node_modules/math-intrinsics
282 silly ADD node_modules/has-symbols
283 silly ADD node_modules/gopd
284 silly ADD node_modules/get-proto
285 silly ADD node_modules/function-bind
286 silly ADD node_modules/es-object-atoms
287 silly ADD node_modules/es-define-property
288 silly ADD node_modules/call-bind-apply-helpers
289 silly ADD node_modules/has-tostringtag
290 silly ADD node_modules/get-intrinsic
291 silly ADD node_modules/es-errors
292 silly ADD node_modules/delayed-stream
293 silly ADD node_modules/mime-types
294 silly ADD node_modules/hasown
295 silly ADD node_modules/es-set-tostringtag
296 silly ADD node_modules/combined-stream
297 silly ADD node_modules/asynckit
298 silly ADD node_modules/proxy-from-env
299 silly ADD node_modules/form-data
300 silly ADD node_modules/follow-redirects
301 silly ADD node_modules/telegraf
302 silly ADD node_modules/axios
303 verbose cwd /home/screaminginc
304 verbose os Linux 6.6.87.2-microsoft-standard-WSL2
305 verbose node v22.22.1
306 verbose npm  v10.9.4
307 verbose exit 0
308 info ok
